<?xml version="1.0" encoding="UTF-8"?>
<!-- Generated by org.testng.reporters.JUnitXMLReporter -->
<testsuite hostname="M0166" name="DriverScript" tests="1" failures="1" timestamp="3 Feb 2021 06:03:56 GMT" time="35.151" errors="0">
  <testcase name="mydriverscript" time="34.678" classname="com.mavenpackage.Driver_Script">
    <failure type="java.lang.NullPointerException">
      <![CDATA[java.lang.NullPointerException
	at com.meda.automation.Utils.ExcelData.getCellContentAsString(ExcelData.java:54)
	at com.mavenpackage.Driver_Script.ReadExcell(Driver_Script.java:30)
	at com.mavenpackage.Driver_Script.mydriverscript(Driver_Script.java:206)
... Removed 25 stack frames]]>
    </failure>
  </testcase> <!-- mydriverscript -->
</testsuite> <!-- DriverScript -->
