<?xml version="1.0" encoding="UTF-8"?>
<!-- Generated by org.testng.reporters.JUnitXMLReporter -->
<testsuite ignored="0" hostname="LAPTOP-1HKDVQ87" failures="1" tests="1" name="Command line test" time="0.105" errors="0" timestamp="2022-12-23T22:51:55 IST">
  <testcase classname="com.mavenpackage.Driver_Script" name="mydriverscript" time="0.061">
    <failure type="java.lang.NullPointerException">
      <![CDATA[java.lang.NullPointerException
at com.mavenpackage.Driver_Script.ReadExcel(Driver_Script.java:25)
at com.mavenpackage.Driver_Script.mydriverscript(Driver_Script.java:489)
at java.base/java.util.ArrayList.forEach(ArrayList.java:1541)
at com.mavenpackage.Runner$runner.main(Runner.java:64)
... Removed 24 stack frames]]>
    </failure>
  </testcase> <!-- mydriverscript -->
</testsuite> <!-- Command line test -->
