<?xml version="1.0" encoding="UTF-8"?>
<testng-results ignored="0" total="1" passed="1" failed="0" skipped="0">
  <reporter-output>
  </reporter-output>
  <suite started-at="2022-12-28T16:20:17 IST" name="Command line suite" finished-at="2022-12-28T16:31:41 IST" duration-ms="684676">
    <groups>
    </groups>
    <test started-at="2022-12-28T16:20:17 IST" name="Command line test" finished-at="2022-12-28T16:31:41 IST" duration-ms="684676">
      <class name="com.mavenpackage.Driver_Script">
        <test-method signature="mydriverscript()[pri:0, instance:com.mavenpackage.Driver_Script@5038d0b5]" started-at="2022-12-28T16:20:17 IST" name="mydriverscript" finished-at="2022-12-28T16:31:41 IST" duration-ms="684614" status="PASS">
          <reporter-output>
          </reporter-output>
        </test-method> <!-- mydriverscript -->
      </class> <!-- com.mavenpackage.Driver_Script -->
    </test> <!-- Command line test -->
  </suite> <!-- Command line suite -->
</testng-results>
