<?xml version="1.0" encoding="UTF-8"?>
<testng-results ignored="0" total="1" passed="1" failed="0" skipped="0">
  <reporter-output>
  </reporter-output>
  <suite started-at="2022-12-10T08:57:32 IST" name="Command line suite" finished-at="2022-12-10T09:31:51 IST" duration-ms="2058444">
    <groups>
    </groups>
    <test started-at="2022-12-10T08:57:32 IST" name="Command line test" finished-at="2022-12-10T09:31:51 IST" duration-ms="2058444">
      <class name="com.mavenpackage.Driver_Script">
        <test-method signature="mydriverscript()[pri:0, instance:com.mavenpackage.Driver_Script@10289886]" started-at="2022-12-10T08:57:32 IST" name="mydriverscript" finished-at="2022-12-10T09:31:51 IST" duration-ms="2058417" status="PASS">
          <reporter-output>
          </reporter-output>
        </test-method> <!-- mydriverscript -->
        <test-method is-config="true" signature="Close()[pri:0, instance:com.mavenpackage.Driver_Script@10289886]" started-at="2022-12-10T09:31:51 IST" name="Close" finished-at="2022-12-10T09:31:51 IST" duration-ms="0" status="PASS">
          <reporter-output>
          </reporter-output>
        </test-method> <!-- Close -->
      </class> <!-- com.mavenpackage.Driver_Script -->
    </test> <!-- Command line test -->
  </suite> <!-- Command line suite -->
</testng-results>
